<?xml version="1.0" encoding="UTF-8"?>
<!-- Generated by org.testng.reporters.JUnitXMLReporter -->
<testsuite hostname="MuniPC" ignored="0" name="FireFox test" tests="2" failures="1" timestamp="2022-09-10T18:13:54 PDT" time="18.835" errors="0">
  <testcase name="test_account_registration" time="3.248" classname="testCases.TC_001_AccountRegistration"/>
  <testcase name="test_Login" time="2.671" classname="testCases.TC_002_Login">
    <failure type="java.lang.AssertionError" message="null">
      <![CDATA[java.lang.AssertionError: null
at testCases.TC_002_Login.test_Login(TC_002_Login.java:47)
at java.util.ArrayList.forEach(ArrayList.java:1257)
at java.util.concurrent.FutureTask.run(FutureTask.java:266)
at java.util.concurrent.ThreadPoolExecutor.runWorker(ThreadPoolExecutor.java:1149)
at java.util.concurrent.ThreadPoolExecutor$Worker.run(ThreadPoolExecutor.java:624)
at java.lang.Thread.run(Thread.java:748)
... Removed 20 stack frames]]>
    </failure>
  </testcase> <!-- test_Login -->
</testsuite> <!-- FireFox test -->
