<?xml version="1.0" encoding="UTF-8"?>
<testng-results skipped="0" failed="0" ignored="0" total="2" passed="2">
  <reporter-output>
  </reporter-output>
  <suite name="Open Cart Test suite" duration-ms="20472" started-at="2022-09-10T19:13:04 PDT" finished-at="2022-09-10T19:13:25 PDT">
    <groups>
      <group name="regression">
        <method signature="TC_001_AccountRegistration.test_account_registration()[pri:0, instance:testCases.TC_001_AccountRegistration@612fc6eb]" name="test_account_registration" class="testCases.TC_001_AccountRegistration"/>
      </group> <!-- regression -->
      <group name="sanity">
        <method signature="TC_002_Login.test_Login()[pri:0, instance:testCases.TC_002_Login@74ad1f1f]" name="test_Login" class="testCases.TC_002_Login"/>
      </group> <!-- sanity -->
      <group name="master">
        <method signature="TC_001_AccountRegistration.test_account_registration()[pri:0, instance:testCases.TC_001_AccountRegistration@612fc6eb]" name="test_account_registration" class="testCases.TC_001_AccountRegistration"/>
        <method signature="TC_002_Login.test_Login()[pri:0, instance:testCases.TC_002_Login@74ad1f1f]" name="test_Login" class="testCases.TC_002_Login"/>
      </group> <!-- master -->
    </groups>
    <test name="FireFox test" duration-ms="20472" started-at="2022-09-10T19:13:04 PDT" finished-at="2022-09-10T19:13:25 PDT">
      <class name="testCases.TC_001_AccountRegistration">
        <test-method status="PASS" signature="setup(java.lang.String)[pri:0, instance:testCases.TC_001_AccountRegistration@612fc6eb]" name="setup" is-config="true" duration-ms="7125" started-at="2022-09-10T19:13:05 PDT" finished-at="2022-09-10T19:13:12 PDT">
          <params>
            <param index="0">
              <value>
                <![CDATA[firefox]]>
              </value>
            </param>
          </params>
          <reporter-output>
          </reporter-output>
        </test-method> <!-- setup -->
        <test-method status="PASS" signature="test_account_registration()[pri:0, instance:testCases.TC_001_AccountRegistration@612fc6eb]" name="test_account_registration" duration-ms="3702" started-at="2022-09-10T19:13:12 PDT" finished-at="2022-09-10T19:13:15 PDT">
          <reporter-output>
          </reporter-output>
        </test-method> <!-- test_account_registration -->
        <test-method status="PASS" signature="tearDown()[pri:0, instance:testCases.TC_001_AccountRegistration@612fc6eb]" name="tearDown" is-config="true" duration-ms="1663" started-at="2022-09-10T19:13:15 PDT" finished-at="2022-09-10T19:13:17 PDT">
          <reporter-output>
          </reporter-output>
        </test-method> <!-- tearDown -->
      </class> <!-- testCases.TC_001_AccountRegistration -->
      <class name="testCases.TC_002_Login">
        <test-method status="PASS" signature="setup(java.lang.String)[pri:0, instance:testCases.TC_002_Login@74ad1f1f]" name="setup" is-config="true" duration-ms="3964" started-at="2022-09-10T19:13:17 PDT" finished-at="2022-09-10T19:13:21 PDT">
          <params>
            <param index="0">
              <value>
                <![CDATA[firefox]]>
              </value>
            </param>
          </params>
          <reporter-output>
          </reporter-output>
        </test-method> <!-- setup -->
        <test-method status="PASS" signature="test_Login()[pri:0, instance:testCases.TC_002_Login@74ad1f1f]" name="test_Login" duration-ms="2600" started-at="2022-09-10T19:13:21 PDT" finished-at="2022-09-10T19:13:24 PDT">
          <reporter-output>
          </reporter-output>
        </test-method> <!-- test_Login -->
        <test-method status="PASS" signature="tearDown()[pri:0, instance:testCases.TC_002_Login@74ad1f1f]" name="tearDown" is-config="true" duration-ms="1052" started-at="2022-09-10T19:13:24 PDT" finished-at="2022-09-10T19:13:25 PDT">
          <reporter-output>
          </reporter-output>
        </test-method> <!-- tearDown -->
      </class> <!-- testCases.TC_002_Login -->
    </test> <!-- FireFox test -->
  </suite> <!-- Open Cart Test suite -->
</testng-results>
