<?xml version="1.0" encoding="UTF-8"?>
<testsuite xmlns:xsi="http://www.w3.org/2001/XMLSchema-instance" xsi:noNamespaceSchemaLocation="https://maven.apache.org/surefire/maven-surefire-plugin/xsd/surefire-test-report-3.0.xsd" version="3.0" name="TestSuite" time="21.898" tests="2" errors="0" skipped="0" failures="0">
  <properties>
[...]
</properties>
  <testcase name="test_account_registration" classname="testCases.TC_001_AccountRegistration" time="3.757">
    <system-out><![CDATA[[TestNGContentHandler] [WARN] It is strongly recommended to add "<!DOCTYPE suite SYSTEM "https://testng.org/testng-1.0.dtd" >" at the top of the suite file [C:\Users\bravo\eclipse-workspace-august\OpenSeptember\MasterSuite.xml] otherwise TestNG may fail or not work as expected.
]]></system-out>
    <system-err><![CDATA[SLF4J: Failed to load class "org.slf4j.impl.StaticLoggerBinder".
SLF4J: Defaulting to no-operation (NOP) logger implementation
SLF4J: See http://www.slf4j.org/codes.html#StaticLoggerBinder for further details.
1662862386901	geckodriver	INFO	Listening on 127.0.0.1:43873
1662862388528	mozrunner::runner	INFO	Running command: "C:\\Program Files\\Mozilla Firefox\\firefox.exe" "--marionette" "--remote-debugging-port" "9222" "--remote-allow-hosts" "localhost" "-no-remote" "-profile" "C:\\Users\\bravo\\AppData\\Local\\Temp\\rust_mozprofileqc2u4y"
1662862389059	Marionette	INFO	Marionette enabled
console.warn: SearchSettings: "get: No settings file exists, new profile?" (new NotFoundError("Could not open the file at C:\\Users\\bravo\\AppData\\Local\\Temp\\rust_mozprofileqc2u4y\\search.json.mozlz4", (void 0)))
DevTools listening on ws://localhost:9222/devtools/browser/4a7e580f-3c22-45fc-8a4b-ea9bdcc9ab63
1662862391730	Marionette	INFO	Listening on port 64755
Read port: 64755
1662862391847	RemoteAgent	WARN	TLS certificate errors will be ignored for this session
Sep 10, 2022 7:13:12 PM org.openqa.selenium.remote.ProtocolHandshake createSession
INFO: Detected dialect: W3C
]]></system-err>
  </testcase>
  <testcase name="test_Login" classname="testCases.TC_002_Login" time="2.604">
    <system-err><![CDATA[1662862395956	Marionette	INFO	Stopped listening on port 64755
1662862397822	geckodriver	INFO	Listening on 127.0.0.1:11172
1662862398199	mozrunner::runner	INFO	Running command: "C:\\Program Files\\Mozilla Firefox\\firefox.exe" "--marionette" "--remote-debugging-port" "9222" "--remote-allow-hosts" "localhost" "-no-remote" "-profile" "C:\\Users\\bravo\\AppData\\Local\\Temp\\rust_mozprofilerXdb7O"
1662862398762	Marionette	INFO	Marionette enabled
console.warn: SearchSettings: "get: No settings file exists, new profile?" (new NotFoundError("Could not open the file at C:\\Users\\bravo\\AppData\\Local\\Temp\\rust_mozprofilerXdb7O\\search.json.mozlz4", (void 0)))
DevTools listening on ws://localhost:9222/devtools/browser/5af81e9c-499c-48f4-afd3-fc079e1e4622
1662862401485	Marionette	INFO	Listening on port 64813
Read port: 64813
1662862401527	RemoteAgent	WARN	TLS certificate errors will be ignored for this session
Sep 10, 2022 7:13:21 PM org.openqa.selenium.remote.ProtocolHandshake createSession
INFO: Detected dialect: W3C
console.warn: LoginRecipes: "getRecipes: falling back to a synchronous message for:" "https://demo.opencart.com"
]]></system-err>
  </testcase>
</testsuite>